  LabRab3.2.cpp
E:\python VS\LabRab3.2\LabRab3.2.cpp(6,17): error C2541: delete: нельзя удалять объекты, не являющиеся указателями
E:\python VS\LabRab3.2\LabRab3.2.cpp(9,28): error C2440: =: невозможно преобразовать "int *" в "int"
E:\python VS\LabRab3.2\LabRab3.2.cpp(9,11): message : Не существует контекста, в котором такое преобразование возможно
E:\python VS\LabRab3.2\LabRab3.2.cpp(10,47): error C2059: синтаксическая ошибка: ;
E:\python VS\LabRab3.2\LabRab3.2.cpp(13,21): error C2109: для индекса требуется массив или указатель
E:\python VS\LabRab3.2\LabRab3.2.cpp(15,34): error C2059: синтаксическая ошибка: ;
E:\python VS\LabRab3.2\LabRab3.2.cpp(19,29): error C2446: <: нет преобразования "int *" в "int"
E:\python VS\LabRab3.2\LabRab3.2.cpp(19,25): message : Не существует контекста, в котором такое преобразование возможно
E:\python VS\LabRab3.2\LabRab3.2.cpp(20,22): error C2109: для индекса требуется массив или указатель
E:\python VS\LabRab3.2\LabRab3.2.cpp(22,45): error C2059: синтаксическая ошибка: ;
E:\python VS\LabRab3.2\LabRab3.2.cpp(27,12): error C2109: для индекса требуется массив или указатель
E:\python VS\LabRab3.2\LabRab3.2.cpp(33,43): error C2109: для индекса требуется массив или указатель
E:\python VS\LabRab3.2\LabRab3.2.cpp(43,22): error C2109: для индекса требуется массив или указатель
E:\python VS\LabRab3.2\LabRab3.2.cpp(47,41): error C2446: <: нет преобразования "int *" в "int"
E:\python VS\LabRab3.2\LabRab3.2.cpp(47,38): message : Не существует контекста, в котором такое преобразование возможно
E:\python VS\LabRab3.2\LabRab3.2.cpp(49,29): error C2109: для индекса требуется массив или указатель
E:\python VS\LabRab3.2\LabRab3.2.cpp(50,22): error C2109: для индекса требуется массив или указатель
E:\python VS\LabRab3.2\LabRab3.2.cpp(50,35): error C2109: для индекса требуется массив или указатель
E:\python VS\LabRab3.2\LabRab3.2.cpp(51,26): error C2109: для индекса требуется массив или указатель
E:\python VS\LabRab3.2\LabRab3.2.cpp(61,29): error C2446: <: нет преобразования "int *" в "int"
E:\python VS\LabRab3.2\LabRab3.2.cpp(61,25): message : Не существует контекста, в котором такое преобразование возможно
E:\python VS\LabRab3.2\LabRab3.2.cpp(62,30): error C2109: для индекса требуется массив или указатель
E:\python VS\LabRab3.2\LabRab3.2.cpp(66,45): error C2446: <: нет преобразования "int *" в "int"
E:\python VS\LabRab3.2\LabRab3.2.cpp(66,42): message : Не существует контекста, в котором такое преобразование возможно
E:\python VS\LabRab3.2\LabRab3.2.cpp(68,29): error C2109: для индекса требуется массив или указатель
E:\python VS\LabRab3.2\LabRab3.2.cpp(69,22): error C2109: для индекса требуется массив или указатель
E:\python VS\LabRab3.2\LabRab3.2.cpp(69,35): error C2109: для индекса требуется массив или указатель
E:\python VS\LabRab3.2\LabRab3.2.cpp(70,26): error C2109: для индекса требуется массив или указатель
E:\python VS\LabRab3.2\LabRab3.2.cpp(82,29): error C2109: для индекса требуется массив или указатель
E:\python VS\LabRab3.2\LabRab3.2.cpp(83,22): error C2109: для индекса требуется массив или указатель
E:\python VS\LabRab3.2\LabRab3.2.cpp(83,35): error C2109: для индекса требуется массив или указатель
E:\python VS\LabRab3.2\LabRab3.2.cpp(84,26): error C2109: для индекса требуется массив или указатель
E:\python VS\LabRab3.2\LabRab3.2.cpp(87,34): error C2109: для индекса требуется массив или указатель
E:\python VS\LabRab3.2\LabRab3.2.cpp(91,36): error C2059: синтаксическая ошибка: ;
E:\python VS\LabRab3.2\LabRab3.2.cpp(102,30): error C2664: "void input(int &,int)": невозможно преобразовать аргумент 1 из "int **" в "int &"
E:\python VS\LabRab3.2\LabRab3.2.cpp(5,6): message : см. объявление "input"
E:\python VS\LabRab3.2\LabRab3.2.cpp(106,31): error C2664: "void output(int &,int *)": невозможно преобразовать аргумент 1 из "int **" в "int &"
E:\python VS\LabRab3.2\LabRab3.2.cpp(18,6): message : см. объявление "output"
E:\python VS\LabRab3.2\LabRab3.2.cpp(110,30): error C2664: "void sort1(int &,int *)": невозможно преобразовать аргумент 1 из "int **" в "int &"
E:\python VS\LabRab3.2\LabRab3.2.cpp(25,6): message : см. объявление "sort1"
E:\python VS\LabRab3.2\LabRab3.2.cpp(114,30): error C2664: "void sort2(int &,int *)": невозможно преобразовать аргумент 1 из "int **" в "int &"
E:\python VS\LabRab3.2\LabRab3.2.cpp(59,6): message : см. объявление "sort2"
E:\python VS\LabRab3.2\LabRab3.2.cpp(93): fatal error C1075: "{": не найдена несоответствующая лексема
